0 info it worked if it ends with ok
1 verbose cli [ 'D:\\Program Files\\nodejs\\node.exe',
1 verbose cli   'D:\\Program Files\\nodejs\\node_modules\\npm\\bin\\npm-cli.js',
1 verbose cli   'run',
1 verbose cli   'watch' ]
2 info using npm@3.10.10
3 info using node@v6.11.3
4 verbose run-script [ 'prewatch', 'watch', 'postwatch' ]
5 info lifecycle tutorial1@0.0.1~prewatch: tutorial1@0.0.1
6 silly lifecycle tutorial1@0.0.1~prewatch: no script for prewatch, continuing
7 info lifecycle tutorial1@0.0.1~watch: tutorial1@0.0.1
8 verbose lifecycle tutorial1@0.0.1~watch: unsafe-perm in lifecycle true
9 verbose lifecycle tutorial1@0.0.1~watch: PATH: D:\Program Files\nodejs\node_modules\npm\bin\node-gyp-bin;D:\Jack\Git\SEA\Storyteller\vs_code_extension\tutorial1\node_modules\.bin;C:\Windows\system32;C:\Windows;C:\Windows\System32\Wbem;C:\Windows\System32\WindowsPowerShell\v1.0\;C:\Program Files\Git\cmd;C:\Program Files (x86)\GtkSharp\2.12\bin;C:\Program Files (x86)\NVIDIA Corporation\PhysX\Common;D:\Program Files\nodejs\;C:\Program Files\Microsoft SQL Server\130\Tools\Binn\;%SystemRoot%\system32;%SystemRoot%;%SystemRoot%\System32\Wbem;%SYSTEMROOT%\System32\WindowsPowerShell\v1.0\;D:\Program Files (x86)\Elm Platform\0.18\bin;C:\Users\Annunya\AppData\Local\Microsoft\WindowsApps;C:\Program Files (x86)\Microsoft VS Code\bin;C:\Users\Annunya\AppData\Local\atom\bin;C:\Users\Annunya\AppData\Roaming\npm;C:\Users\Annunya\AppData\Local\Microsoft\WindowsApps;
10 verbose lifecycle tutorial1@0.0.1~watch: CWD: D:\Jack\Git\SEA\Storyteller\vs_code_extension\tutorial1
11 silly lifecycle tutorial1@0.0.1~watch: Args: [ '/d /s /c', 'tsc -watch -p ./' ]
12 silly lifecycle tutorial1@0.0.1~watch: Returned: code: 3221225786  signal: null
13 info lifecycle tutorial1@0.0.1~watch: Failed to exec watch script
14 verbose stack Error: tutorial1@0.0.1 watch: `tsc -watch -p ./`
14 verbose stack Exit status 3221225786
14 verbose stack     at EventEmitter.<anonymous> (D:\Program Files\nodejs\node_modules\npm\lib\utils\lifecycle.js:255:16)
14 verbose stack     at emitTwo (events.js:106:13)
14 verbose stack     at EventEmitter.emit (events.js:191:7)
14 verbose stack     at ChildProcess.<anonymous> (D:\Program Files\nodejs\node_modules\npm\lib\utils\spawn.js:40:14)
14 verbose stack     at emitTwo (events.js:106:13)
14 verbose stack     at ChildProcess.emit (events.js:191:7)
14 verbose stack     at maybeClose (internal/child_process.js:920:16)
14 verbose stack     at Process.ChildProcess._handle.onexit (internal/child_process.js:230:5)
15 verbose pkgid tutorial1@0.0.1
16 verbose cwd D:\Jack\Git\SEA\Storyteller\vs_code_extension\tutorial1
17 error Windows_NT 10.0.16299
18 error argv "D:\\Program Files\\nodejs\\node.exe" "D:\\Program Files\\nodejs\\node_modules\\npm\\bin\\npm-cli.js" "run" "watch"
19 error node v6.11.3
20 error npm  v3.10.10
21 error code ELIFECYCLE
22 error tutorial1@0.0.1 watch: `tsc -watch -p ./`
22 error Exit status 3221225786
23 error Failed at the tutorial1@0.0.1 watch script 'tsc -watch -p ./'.
23 error Make sure you have the latest version of node.js and npm installed.
23 error If you do, this is most likely a problem with the tutorial1 package,
23 error not with npm itself.
23 error Tell the author that this fails on your system:
23 error     tsc -watch -p ./
23 error You can get information on how to open an issue for this project with:
23 error     npm bugs tutorial1
23 error Or if that isn't available, you can get their info via:
23 error     npm owner ls tutorial1
23 error There is likely additional logging output above.
24 verbose exit [ 1, true ]
