0 info it worked if it ends with ok
1 verbose cli [ 'D:\\Program Files\\nodejs\\node.exe',
1 verbose cli   'D:\\Program Files\\nodejs\\node_modules\\npm\\bin\\npm-cli.js',
1 verbose cli   'run',
1 verbose cli   'watch:client' ]
2 info using npm@3.10.10
3 info using node@v6.11.3
4 verbose run-script [ 'prewatch:client', 'watch:client', 'postwatch:client' ]
5 info lifecycle story-script-extension@0.0.1~prewatch:client: story-script-extension@0.0.1
6 silly lifecycle story-script-extension@0.0.1~prewatch:client: no script for prewatch:client, continuing
7 info lifecycle story-script-extension@0.0.1~watch:client: story-script-extension@0.0.1
8 verbose lifecycle story-script-extension@0.0.1~watch:client: unsafe-perm in lifecycle true
9 verbose lifecycle story-script-extension@0.0.1~watch:client: PATH: D:\Program Files\nodejs\node_modules\npm\bin\node-gyp-bin;D:\Jack\Git\SEA\Storyteller\vs_code_extension\story_script\node_modules\.bin;C:\Windows\system32;C:\Windows;C:\Windows\System32\Wbem;C:\Windows\System32\WindowsPowerShell\v1.0\;C:\Program Files\Git\cmd;C:\Program Files (x86)\GtkSharp\2.12\bin;C:\Program Files (x86)\NVIDIA Corporation\PhysX\Common;D:\Program Files\nodejs\;C:\Program Files\Microsoft SQL Server\130\Tools\Binn\;%SystemRoot%\system32;%SystemRoot%;%SystemRoot%\System32\Wbem;%SYSTEMROOT%\System32\WindowsPowerShell\v1.0\;D:\Program Files (x86)\Elm Platform\0.18\bin;C:\Users\Annunya\AppData\Local\Microsoft\WindowsApps;C:\Program Files (x86)\Microsoft VS Code\bin;C:\Users\Annunya\AppData\Roaming\npm;C:\Users\Annunya\AppData\Local\Microsoft\WindowsApps
10 verbose lifecycle story-script-extension@0.0.1~watch:client: CWD: D:\Jack\Git\SEA\Storyteller\vs_code_extension\story_script
11 silly lifecycle story-script-extension@0.0.1~watch:client: Args: [ '/d /s /c', 'tsc -w -p client/tsconfig.json' ]
12 verbose stack Error: kill ENOSYS
12 verbose stack     at exports._errnoException (util.js:1020:11)
12 verbose stack     at process.kill (internal/process.js:190:13)
12 verbose stack     at process.listener (D:\Program Files\nodejs\node_modules\npm\node_modules\npmlog\node_modules\gauge\node_modules\signal-exit\index.js:86:15)
12 verbose stack     at emitNone (events.js:91:20)
12 verbose stack     at process.emit (events.js:185:7)
12 verbose stack     at processEmit (D:\Program Files\nodejs\node_modules\npm\node_modules\npmlog\node_modules\gauge\node_modules\signal-exit\index.js:146:32)
12 verbose stack     at processEmit (D:\Program Files\nodejs\node_modules\npm\node_modules\npm-registry-client\node_modules\npmlog\node_modules\gauge\node_modules\signal-exit\index.js:146:32)
12 verbose stack     at Signal.wrap.onsignal (internal/process.js:217:44)
13 verbose cwd D:\Jack\Git\SEA\Storyteller\vs_code_extension\story_script
14 error Windows_NT 10.0.16299
15 error argv "D:\\Program Files\\nodejs\\node.exe" "D:\\Program Files\\nodejs\\node_modules\\npm\\bin\\npm-cli.js" "run" "watch:client"
16 error node v6.11.3
17 error npm  v3.10.10
18 error code ENOSYS
19 error errno ENOSYS
20 error syscall kill
21 error kill ENOSYS
22 error If you need help, you may report this error at:
22 error     <https://github.com/npm/npm/issues>
23 verbose exit [ 1, true ]
